{"name": "test_create_config_large_file", "status": "failed", "statusDetails": {"message": "AssertionError", "trace": "self = <SeleniumFramework.pages.PGI_687_Barcode_Configuration.BarcodeConfigurations object at 0x7f00f96d4a50>\nlocatorValue = '/html/body/app-root/div/app-side-nav/mat-drawer-container/mat-drawer-content/span/app-configuration-detail/div/div[3]/mat-tab-group/div/mat-tab-body/div/app-configuration-profile/div/mat-vertical-stepper/div[7]/mat-step-header'\nlocatorType = 'xpath'\n\n    def waitForElement(self, locatorValue, locatorType=\"id\"):\n        webElement = None\n        try:\n            locatorType = locatorType.lower()\n            locatorByType = self.getLocatorType(locatorType)\n            wait = WebDriverWait(self.driver, 50, poll_frequency=1,\n                                 ignored_exceptions=[ElementNotVisibleException, NoSuchElementException])\n>           webElement = wait.until(ec.presence_of_element_located((locatorByType, locatorValue)))\n\n../base/BasePage.py:90: \n_ _ _ _ _ _ _ _ _ _ _ _ _ _ _ _ _ _ _ _ _ _ _ _ _ _ _ _ _ _ _ _ _ _ _ _ _ _ _ _ _ _ _ _ _ _ _ _ _ _ _ _ _ _ _ _ _ _ _ _ _ _ _ _ _ _ _ _ _ _ _ _ _ _ _ _ _ _ _ _ \n\nself = <selenium.webdriver.support.wait.WebDriverWait (session=\"3344a0a6ab2c5abfe7b58131ec78731b\")>\nmethod = <selenium.webdriver.support.expected_conditions.presence_of_element_located object at 0x7f00f96e74d0>, message = ''\n\n    def until(self, method, message=''):\n        \"\"\"Calls the method provided with the driver as an argument until the \\\n        return value is not False.\"\"\"\n        screen = None\n        stacktrace = None\n    \n        end_time = time.time() + self._timeout\n        while True:\n            try:\n                value = method(self._driver)\n                if value:\n                    return value\n            except self._ignored_exceptions as exc:\n                screen = getattr(exc, 'screen', None)\n                stacktrace = getattr(exc, 'stacktrace', None)\n            time.sleep(self._poll)\n            if time.time() > end_time:\n                break\n>       raise TimeoutException(message, screen, stacktrace)\nE       selenium.common.exceptions.TimeoutException: Message:\n\n/usr/local/lib/python3.7/dist-packages/selenium/webdriver/support/wait.py:80: TimeoutException\n\nDuring handling of the above exception, another exception occurred:\n\nself = <SeleniumFramework.pages.PGI_687_Barcode_Configuration.BarcodeConfigurations object at 0x7f00f96d4a50>\nlocatorValue = '/html/body/app-root/div/app-side-nav/mat-drawer-container/mat-drawer-content/span/app-configuration-detail/div/div[3]/mat-tab-group/div/mat-tab-body/div/app-configuration-profile/div/mat-vertical-stepper/div[7]/mat-step-header'\nlocatorType = 'xpath'\n\n    def clickOnElement(self, locatorValue, locatorType=\"id\"):\n        try:\n            locatorType = locatorType.lower()\n>           webElement = self.waitForElement(locatorValue, locatorType)\n\n../base/BasePage.py:104: \n_ _ _ _ _ _ _ _ _ _ _ _ _ _ _ _ _ _ _ _ _ _ _ _ _ _ _ _ _ _ _ _ _ _ _ _ _ _ _ _ _ _ _ _ _ _ _ _ _ _ _ _ _ _ _ _ _ _ _ _ _ _ _ _ _ _ _ _ _ _ _ _ _ _ _ _ _ _ _ _ \n\nself = <SeleniumFramework.pages.PGI_687_Barcode_Configuration.BarcodeConfigurations object at 0x7f00f96d4a50>\nlocatorValue = '/html/body/app-root/div/app-side-nav/mat-drawer-container/mat-drawer-content/span/app-configuration-detail/div/div[3]/mat-tab-group/div/mat-tab-body/div/app-configuration-profile/div/mat-vertical-stepper/div[7]/mat-step-header'\nlocatorType = 'xpath'\n\n    def waitForElement(self, locatorValue, locatorType=\"id\"):\n        webElement = None\n        try:\n            locatorType = locatorType.lower()\n            locatorByType = self.getLocatorType(locatorType)\n            wait = WebDriverWait(self.driver, 50, poll_frequency=1,\n                                 ignored_exceptions=[ElementNotVisibleException, NoSuchElementException])\n            webElement = wait.until(ec.presence_of_element_located((locatorByType, locatorValue)))\n            self.log.info(\n                \"Web element found with locator value: \" + locatorValue + \" using locator Type: \" + locatorType)\n        except:\n            self.log.error(\n                \"Web element not found with locator value: \" + locatorValue + \" using locator Type: \" + locatorType)\n            print_stack()\n            self.takeScreenshot(locatorType)\n>           assert False\nE           AssertionError\n\n../base/BasePage.py:98: AssertionError\n\nDuring handling of the above exception, another exception occurred:\n\nself = <SeleniumFramework.tests.test_PGI_687_barcode_configuration_Gateway.barcode_configurations_error testMethod=test_create_config_large_file>\n\n    def test_create_config_large_file(self):\n        self.bc.clickOnConfiguration()\n        self.bc.scrollToCreate()\n        self.bc.clickOnNext_Android()\n>       self.bc.add_Workflow_Rules_Large_File()\n\ntest_PGI_687_barcode_configuration_Gateway.py:46: \n_ _ _ _ _ _ _ _ _ _ _ _ _ _ _ _ _ _ _ _ _ _ _ _ _ _ _ _ _ _ _ _ _ _ _ _ _ _ _ _ _ _ _ _ _ _ _ _ _ _ _ _ _ _ _ _ _ _ _ _ _ _ _ _ _ _ _ _ _ _ _ _ _ _ _ _ _ _ _ _ \n../pages/PGI_687_Barcode_Configuration.py:146: in add_Workflow_Rules_Large_File\n    self.clickOnElement(self._add_Workflow_Rules, \"xpath\")\n_ _ _ _ _ _ _ _ _ _ _ _ _ _ _ _ _ _ _ _ _ _ _ _ _ _ _ _ _ _ _ _ _ _ _ _ _ _ _ _ _ _ _ _ _ _ _ _ _ _ _ _ _ _ _ _ _ _ _ _ _ _ _ _ _ _ _ _ _ _ _ _ _ _ _ _ _ _ _ _ \n\nself = <SeleniumFramework.pages.PGI_687_Barcode_Configuration.BarcodeConfigurations object at 0x7f00f96d4a50>\nlocatorValue = '/html/body/app-root/div/app-side-nav/mat-drawer-container/mat-drawer-content/span/app-configuration-detail/div/div[3]/mat-tab-group/div/mat-tab-body/div/app-configuration-profile/div/mat-vertical-stepper/div[7]/mat-step-header'\nlocatorType = 'xpath'\n\n    def clickOnElement(self, locatorValue, locatorType=\"id\"):\n        try:\n            locatorType = locatorType.lower()\n            webElement = self.waitForElement(locatorValue, locatorType)\n            webElement.click()\n            self.log.info(\n                \"Clicked on WebElement with locator value \" + locatorValue + \" using locator Type: \" + locatorType)\n        except:\n            self.log.error(\n                \"Unable to click on WebElement with locator value \" + locatorValue + \" using locator Type: \" + locatorType)\n            print_stack()\n            self.takeScreenshot(locatorType)\n>           assert False\nE           AssertionError\n\n../base/BasePage.py:113: AssertionError"}, "attachments": [{"name": "xpath", "source": "8e753ac7-8745-4868-b28d-44ac71c5f1bb-attachment.png", "type": "image/png"}, {"name": "xpath", "source": "66273a12-9d6c-4351-afec-667f195e733c-attachment.png", "type": "image/png"}, {"name": "log", "source": "24738e98-8b0c-4160-a787-eceb2bd108cd-attachment.txt", "type": "text/plain"}, {"name": "stdout", "source": "9eb6ab4a-0cc1-48c5-ad25-4cd911e573d0-attachment.txt", "type": "text/plain"}, {"name": "stderr", "source": "c6f0f7e7-295c-4acb-b3d2-64bcad057765-attachment.txt", "type": "text/plain"}], "start": 1607613895432, "stop": 1607613971782, "uuid": "2e71d11e-72a2-4edc-9c67-72940684c283", "historyId": "e093da3b89978b8410b213d35b509951", "testCaseId": "d63088eb542079ab239acf73629fea6a", "fullName": "test_PGI_687_barcode_configuration_Gateway.barcode_configurations_error#test_create_config_large_file", "labels": [{"name": "tag", "value": "@pytest.mark.usefixtures('beforeClass', 'setUp')"}, {"name": "suite", "value": "test_PGI_687_barcode_configuration_Gateway"}, {"name": "subSuite", "value": "barcode_configurations_error"}, {"name": "host", "value": "candi-ThinkPad-E480"}, {"name": "thread", "value": "24600-MainThread"}, {"name": "framework", "value": "pytest"}, {"name": "language", "value": "cpython3"}, {"name": "package", "value": "test_PGI_687_barcode_configuration_Gateway"}]}