{"name": "test_edit_config_file", "status": "failed", "statusDetails": {"message": "AssertionError", "trace": "self = <SeleniumFramework.pages.PGI_687_Barcode_Configuration.BarcodeConfigurations object at 0x7f3cec5d7790>\nlocatorValue = '/html/body/app-root/div/app-side-nav/mat-drawer-container/mat-drawer-content/span/app-configuration-detail/div/div[3]/mat-tab-group/div/mat-tab-body/div/app-configuration-profile/div/mat-vertical-stepper/div[7]/mat-step-header'\nlocatorType = 'xpath'\n\n    def waitForElement(self, locatorValue, locatorType=\"id\"):\n        webElement = None\n        try:\n            locatorType = locatorType.lower()\n            locatorByType = self.getLocatorType(locatorType)\n            wait = WebDriverWait(self.driver, 50, poll_frequency=1,\n                                 ignored_exceptions=[ElementNotVisibleException, NoSuchElementException])\n>           webElement = wait.until(ec.presence_of_element_located((locatorByType, locatorValue)))\n\n../base/BasePage.py:90: \n_ _ _ _ _ _ _ _ _ _ _ _ _ _ _ _ _ _ _ _ _ _ _ _ _ _ _ _ _ _ _ _ _ _ _ _ _ _ _ _ _ _ _ _ _ _ _ _ _ _ _ _ _ _ _ _ _ _ _ _ _ _ _ _ _ _ _ _ _ _ _ _ _ _ _ _ _ _ _ _ \n\nself = <selenium.webdriver.support.wait.WebDriverWait (session=\"3084990f85132690b1a0f39354ba97b6\")>\nmethod = <selenium.webdriver.support.expected_conditions.presence_of_element_located object at 0x7f3cec5d7ad0>, message = ''\n\n    def until(self, method, message=''):\n        \"\"\"Calls the method provided with the driver as an argument until the \\\n        return value is not False.\"\"\"\n        screen = None\n        stacktrace = None\n    \n        end_time = time.time() + self._timeout\n        while True:\n            try:\n                value = method(self._driver)\n                if value:\n                    return value\n            except self._ignored_exceptions as exc:\n                screen = getattr(exc, 'screen', None)\n                stacktrace = getattr(exc, 'stacktrace', None)\n            time.sleep(self._poll)\n            if time.time() > end_time:\n                break\n>       raise TimeoutException(message, screen, stacktrace)\nE       selenium.common.exceptions.TimeoutException: Message:\n\n/usr/local/lib/python3.7/dist-packages/selenium/webdriver/support/wait.py:80: TimeoutException\n\nDuring handling of the above exception, another exception occurred:\n\nself = <SeleniumFramework.pages.PGI_687_Barcode_Configuration.BarcodeConfigurations object at 0x7f3cec5d7790>\nlocatorValue = '/html/body/app-root/div/app-side-nav/mat-drawer-container/mat-drawer-content/span/app-configuration-detail/div/div[3]/mat-tab-group/div/mat-tab-body/div/app-configuration-profile/div/mat-vertical-stepper/div[7]/mat-step-header'\nlocatorType = 'xpath'\n\n    def clickOnElement(self, locatorValue, locatorType=\"id\"):\n        try:\n            locatorType = locatorType.lower()\n>           webElement = self.waitForElement(locatorValue, locatorType)\n\n../base/BasePage.py:104: \n_ _ _ _ _ _ _ _ _ _ _ _ _ _ _ _ _ _ _ _ _ _ _ _ _ _ _ _ _ _ _ _ _ _ _ _ _ _ _ _ _ _ _ _ _ _ _ _ _ _ _ _ _ _ _ _ _ _ _ _ _ _ _ _ _ _ _ _ _ _ _ _ _ _ _ _ _ _ _ _ \n\nself = <SeleniumFramework.pages.PGI_687_Barcode_Configuration.BarcodeConfigurations object at 0x7f3cec5d7790>\nlocatorValue = '/html/body/app-root/div/app-side-nav/mat-drawer-container/mat-drawer-content/span/app-configuration-detail/div/div[3]/mat-tab-group/div/mat-tab-body/div/app-configuration-profile/div/mat-vertical-stepper/div[7]/mat-step-header'\nlocatorType = 'xpath'\n\n    def waitForElement(self, locatorValue, locatorType=\"id\"):\n        webElement = None\n        try:\n            locatorType = locatorType.lower()\n            locatorByType = self.getLocatorType(locatorType)\n            wait = WebDriverWait(self.driver, 50, poll_frequency=1,\n                                 ignored_exceptions=[ElementNotVisibleException, NoSuchElementException])\n            webElement = wait.until(ec.presence_of_element_located((locatorByType, locatorValue)))\n            self.log.info(\n                \"Web element found with locator value: \" + locatorValue + \" using locator Type: \" + locatorType)\n        except:\n            self.log.error(\n                \"Web element not found with locator value: \" + locatorValue + \" using locator Type: \" + locatorType)\n            print_stack()\n            self.takeScreenshot(locatorType)\n>           assert False\nE           AssertionError\n\n../base/BasePage.py:98: AssertionError\n\nDuring handling of the above exception, another exception occurred:\n\nself = <SeleniumFramework.tests.test_PGI_687_barcode_configuration_Android_Edit.barcode_configurations testMethod=test_edit_config_file>\n\n    @pytest.mark.run(order=2)\n    def test_edit_config_file(self):\n        self.bc.clickOnEdit()\n>       self.bc.add_Workflow_Rules()\n\ntest_PGI_687_barcode_configuration_Android_Edit.py:27: \n_ _ _ _ _ _ _ _ _ _ _ _ _ _ _ _ _ _ _ _ _ _ _ _ _ _ _ _ _ _ _ _ _ _ _ _ _ _ _ _ _ _ _ _ _ _ _ _ _ _ _ _ _ _ _ _ _ _ _ _ _ _ _ _ _ _ _ _ _ _ _ _ _ _ _ _ _ _ _ _ \n../pages/PGI_687_Barcode_Configuration.py:129: in add_Workflow_Rules\n    self.clickOnElement(self._add_Workflow_Rules, \"xpath\")\n_ _ _ _ _ _ _ _ _ _ _ _ _ _ _ _ _ _ _ _ _ _ _ _ _ _ _ _ _ _ _ _ _ _ _ _ _ _ _ _ _ _ _ _ _ _ _ _ _ _ _ _ _ _ _ _ _ _ _ _ _ _ _ _ _ _ _ _ _ _ _ _ _ _ _ _ _ _ _ _ \n\nself = <SeleniumFramework.pages.PGI_687_Barcode_Configuration.BarcodeConfigurations object at 0x7f3cec5d7790>\nlocatorValue = '/html/body/app-root/div/app-side-nav/mat-drawer-container/mat-drawer-content/span/app-configuration-detail/div/div[3]/mat-tab-group/div/mat-tab-body/div/app-configuration-profile/div/mat-vertical-stepper/div[7]/mat-step-header'\nlocatorType = 'xpath'\n\n    def clickOnElement(self, locatorValue, locatorType=\"id\"):\n        try:\n            locatorType = locatorType.lower()\n            webElement = self.waitForElement(locatorValue, locatorType)\n            webElement.click()\n            self.log.info(\n                \"Clicked on WebElement with locator value \" + locatorValue + \" using locator Type: \" + locatorType)\n        except:\n            self.log.error(\n                \"Unable to click on WebElement with locator value \" + locatorValue + \" using locator Type: \" + locatorType)\n            print_stack()\n            self.takeScreenshot(locatorType)\n>           assert False\nE           AssertionError\n\n../base/BasePage.py:113: AssertionError"}, "attachments": [{"name": "xpath", "source": "3b873c83-8485-4aa1-8eb6-dc885dacdece-attachment.png", "type": "image/png"}, {"name": "xpath", "source": "a5ce7f6a-3c54-46d3-8380-10b2d29b294d-attachment.png", "type": "image/png"}, {"name": "log", "source": "6934dc97-56b1-42f9-962f-6af08b8f766f-attachment.txt", "type": "text/plain"}, {"name": "stdout", "source": "648dd431-0bb0-4529-b15b-e761bf1e0f75-attachment.txt", "type": "text/plain"}, {"name": "stderr", "source": "ab19b794-393a-4bcb-9ba3-41b70c5383e2-attachment.txt", "type": "text/plain"}], "start": 1607608269863, "stop": 1607608345819, "uuid": "ec5ca715-281e-44a8-94ec-33b58d4a94c5", "historyId": "38fbfd9356a5a58c3a8fda44942027e5", "testCaseId": "c25e2b681864cc536064287ea655a9c7", "fullName": "test_PGI_687_barcode_configuration_Android_Edit.barcode_configurations#test_edit_config_file", "labels": [{"name": "tag", "value": "run(order=2)"}, {"name": "tag", "value": "@pytest.mark.usefixtures('beforeClass', 'setUp')"}, {"name": "suite", "value": "test_PGI_687_barcode_configuration_Android_Edit"}, {"name": "subSuite", "value": "barcode_configurations"}, {"name": "host", "value": "candi-ThinkPad-E480"}, {"name": "thread", "value": "19080-MainThread"}, {"name": "framework", "value": "pytest"}, {"name": "language", "value": "cpython3"}, {"name": "package", "value": "test_PGI_687_barcode_configuration_Android_Edit"}]}