{"name": "test_create_config_large_file", "status": "failed", "statusDetails": {"message": "AssertionError", "trace": "self = <SeleniumFramework.pages.PGI_687_Barcode_Configuration.BarcodeConfigurations object at 0x7f8a1704aad0>\nlocatorValue = '/html/body/app-root/div/app-side-nav/mat-drawer-container/mat-drawer-content/span/app-configuration-detail/div/div[3]...onfiguration-profile/div/mat-vertical-stepper/div[7]/div/div/div/app-rule-list/mat-card/mat-card-content/div[2]/button'\nlocatorType = 'xpath'\n\n    def waitForElement(self, locatorValue, locatorType=\"id\"):\n        webElement = None\n        try:\n            locatorType = locatorType.lower()\n            locatorByType = self.getLocatorType(locatorType)\n            wait = WebDriverWait(self.driver, 50, poll_frequency=1,\n                                 ignored_exceptions=[ElementNotVisibleException, NoSuchElementException])\n>           webElement = wait.until(ec.presence_of_element_located((locatorByType, locatorValue)))\n\n../base/BasePage.py:90: \n_ _ _ _ _ _ _ _ _ _ _ _ _ _ _ _ _ _ _ _ _ _ _ _ _ _ _ _ _ _ _ _ _ _ _ _ _ _ _ _ _ _ _ _ _ _ _ _ _ _ _ _ _ _ _ _ _ _ _ _ _ _ _ _ _ _ _ _ _ _ _ _ _ _ _ _ _ _ _ _ \n\nself = <selenium.webdriver.support.wait.WebDriverWait (session=\"bfa313ac99c6b4aa4ae32d5ef8db9e40\")>\nmethod = <selenium.webdriver.support.expected_conditions.presence_of_element_located object at 0x7f8a17062450>, message = ''\n\n    def until(self, method, message=''):\n        \"\"\"Calls the method provided with the driver as an argument until the \\\n        return value is not False.\"\"\"\n        screen = None\n        stacktrace = None\n    \n        end_time = time.time() + self._timeout\n        while True:\n            try:\n                value = method(self._driver)\n                if value:\n                    return value\n            except self._ignored_exceptions as exc:\n                screen = getattr(exc, 'screen', None)\n                stacktrace = getattr(exc, 'stacktrace', None)\n            time.sleep(self._poll)\n            if time.time() > end_time:\n                break\n>       raise TimeoutException(message, screen, stacktrace)\nE       selenium.common.exceptions.TimeoutException: Message:\n\n/usr/local/lib/python3.7/dist-packages/selenium/webdriver/support/wait.py:80: TimeoutException\n\nDuring handling of the above exception, another exception occurred:\n\nself = <SeleniumFramework.pages.PGI_687_Barcode_Configuration.BarcodeConfigurations object at 0x7f8a1704aad0>\nlocatorValue = '/html/body/app-root/div/app-side-nav/mat-drawer-container/mat-drawer-content/span/app-configuration-detail/div/div[3]...onfiguration-profile/div/mat-vertical-stepper/div[7]/div/div/div/app-rule-list/mat-card/mat-card-content/div[2]/button'\nlocatorType = 'xpath'\n\n    def clickOnElement(self, locatorValue, locatorType=\"id\"):\n        try:\n            locatorType = locatorType.lower()\n>           webElement = self.waitForElement(locatorValue, locatorType)\n\n../base/BasePage.py:104: \n_ _ _ _ _ _ _ _ _ _ _ _ _ _ _ _ _ _ _ _ _ _ _ _ _ _ _ _ _ _ _ _ _ _ _ _ _ _ _ _ _ _ _ _ _ _ _ _ _ _ _ _ _ _ _ _ _ _ _ _ _ _ _ _ _ _ _ _ _ _ _ _ _ _ _ _ _ _ _ _ \n\nself = <SeleniumFramework.pages.PGI_687_Barcode_Configuration.BarcodeConfigurations object at 0x7f8a1704aad0>\nlocatorValue = '/html/body/app-root/div/app-side-nav/mat-drawer-container/mat-drawer-content/span/app-configuration-detail/div/div[3]...onfiguration-profile/div/mat-vertical-stepper/div[7]/div/div/div/app-rule-list/mat-card/mat-card-content/div[2]/button'\nlocatorType = 'xpath'\n\n    def waitForElement(self, locatorValue, locatorType=\"id\"):\n        webElement = None\n        try:\n            locatorType = locatorType.lower()\n            locatorByType = self.getLocatorType(locatorType)\n            wait = WebDriverWait(self.driver, 50, poll_frequency=1,\n                                 ignored_exceptions=[ElementNotVisibleException, NoSuchElementException])\n            webElement = wait.until(ec.presence_of_element_located((locatorByType, locatorValue)))\n            self.log.info(\n                \"Web element found with locator value: \" + locatorValue + \" using locator Type: \" + locatorType)\n        except:\n            self.log.error(\n                \"Web element not found with locator value: \" + locatorValue + \" using locator Type: \" + locatorType)\n            print_stack()\n            self.takeScreenshot(locatorType)\n>           assert False\nE           AssertionError\n\n../base/BasePage.py:98: AssertionError\n\nDuring handling of the above exception, another exception occurred:\n\nself = <SeleniumFramework.tests.test_PGI_687_barcode_configuration_Gateway.barcode_configurations_error testMethod=test_create_config_large_file>\n\n    def test_create_config_large_file(self):\n        self.bc.clickOnConfiguration()\n        self.bc.scrollToCreate()\n        self.bc.clickOnNext_Android()\n>       self.bc.add_Workflow_Rules_Large_File()\n\ntest_PGI_687_barcode_configuration_Gateway.py:46: \n_ _ _ _ _ _ _ _ _ _ _ _ _ _ _ _ _ _ _ _ _ _ _ _ _ _ _ _ _ _ _ _ _ _ _ _ _ _ _ _ _ _ _ _ _ _ _ _ _ _ _ _ _ _ _ _ _ _ _ _ _ _ _ _ _ _ _ _ _ _ _ _ _ _ _ _ _ _ _ _ \n../pages/PGI_687_Barcode_Configuration.py:149: in add_Workflow_Rules_Large_File\n    self.clickOnElement(self._add_Rule, \"xpath\")\n_ _ _ _ _ _ _ _ _ _ _ _ _ _ _ _ _ _ _ _ _ _ _ _ _ _ _ _ _ _ _ _ _ _ _ _ _ _ _ _ _ _ _ _ _ _ _ _ _ _ _ _ _ _ _ _ _ _ _ _ _ _ _ _ _ _ _ _ _ _ _ _ _ _ _ _ _ _ _ _ \n\nself = <SeleniumFramework.pages.PGI_687_Barcode_Configuration.BarcodeConfigurations object at 0x7f8a1704aad0>\nlocatorValue = '/html/body/app-root/div/app-side-nav/mat-drawer-container/mat-drawer-content/span/app-configuration-detail/div/div[3]...onfiguration-profile/div/mat-vertical-stepper/div[7]/div/div/div/app-rule-list/mat-card/mat-card-content/div[2]/button'\nlocatorType = 'xpath'\n\n    def clickOnElement(self, locatorValue, locatorType=\"id\"):\n        try:\n            locatorType = locatorType.lower()\n            webElement = self.waitForElement(locatorValue, locatorType)\n            webElement.click()\n            self.log.info(\n                \"Clicked on WebElement with locator value \" + locatorValue + \" using locator Type: \" + locatorType)\n        except:\n            self.log.error(\n                \"Unable to click on WebElement with locator value \" + locatorValue + \" using locator Type: \" + locatorType)\n            print_stack()\n            self.takeScreenshot(locatorType)\n>           assert False\nE           AssertionError\n\n../base/BasePage.py:113: AssertionError"}, "attachments": [{"name": "xpath", "source": "17598471-af3c-4b50-9dfd-488e29f7a498-attachment.png", "type": "image/png"}, {"name": "xpath", "source": "3e8a2789-5de1-4023-aa75-d85eb16c5ace-attachment.png", "type": "image/png"}, {"name": "log", "source": "d6076d23-f131-4249-84f6-90dd96b0a468-attachment.txt", "type": "text/plain"}, {"name": "stdout", "source": "e6715137-02a7-44b7-ba26-c6380ad96546-attachment.txt", "type": "text/plain"}, {"name": "stderr", "source": "6fa65d91-bf8d-46ca-a321-eabeb5ab8fb5-attachment.txt", "type": "text/plain"}], "start": 1607614868477, "stop": 1607614944985, "uuid": "a3387511-e9aa-42cc-9704-1323c750f625", "historyId": "e093da3b89978b8410b213d35b509951", "testCaseId": "d63088eb542079ab239acf73629fea6a", "fullName": "test_PGI_687_barcode_configuration_Gateway.barcode_configurations_error#test_create_config_large_file", "labels": [{"name": "tag", "value": "@pytest.mark.usefixtures('beforeClass', 'setUp')"}, {"name": "suite", "value": "test_PGI_687_barcode_configuration_Gateway"}, {"name": "subSuite", "value": "barcode_configurations_error"}, {"name": "host", "value": "candi-ThinkPad-E480"}, {"name": "thread", "value": "26237-MainThread"}, {"name": "framework", "value": "pytest"}, {"name": "language", "value": "cpython3"}, {"name": "package", "value": "test_PGI_687_barcode_configuration_Gateway"}]}